GPU available: True (cuda), used: True
TPU available: False, using: 0 TPU cores
IPU available: False, using: 0 IPUs
HPU available: False, using: 0 HPUs
/s/jawar/j/nobackup/Soumyadip/miniconda3/envs/tmp_pyg_pt/lib/python3.9/site-packages/pytorch_lightning/trainer/configuration_validator.py:108: PossibleUserWarning: You defined a `validation_step` but have no `val_dataloader`. Skipping val loop.
  rank_zero_warn(
LOCAL_RANK: 0 - CUDA_VISIBLE_DEVICES: [0]

   | Name                 | Type        | Params
------------------------------------------------------
0  | neigh_network_atom1  | GCNConv     | 13.3 K
1  | GCN_network_atom1    | GraphConv   | 25.6 K
2  | GCN_network_residue1 | GraphConv   | 2.1 M 
3  | neigh_network_atom2  | GCNConv     | 524 K 
4  | GCN_network_atom2    | GraphConv   | 1.0 M 
5  | GCN_network_residue2 | GraphConv   | 1.0 M 
6  | neigh_network_atom3  | GCNConv     | 131 K 
7  | GCN_network_atom3    | GraphConv   | 262 K 
8  | GCN_network_residue3 | GraphConv   | 262 K 
9  | neigh_network_atom4  | GCNConv     | 32.9 K
10 | GCN_network_atom4    | GraphConv   | 65.7 K
11 | GCN_network_residue4 | GraphConv   | 65.7 K
12 | drop1_atom           | Dropout     | 0     
13 | drop1_residue        | Dropout     | 0     
14 | drop2_atom           | Dropout     | 0     
15 | drop2_residue        | Dropout     | 0     
16 | drop3_atom           | Dropout     | 0     
17 | drop3_residue        | Dropout     | 0     
18 | drop4_atom           | Dropout     | 0     
19 | drop4_residue        | Dropout     | 0     
20 | drop_dense           | Dropout     | 0     
21 | drop4                | Dropout     | 0     
22 | relu                 | ReLU        | 0     
23 | batchnorm_atom1      | BatchNorm1d | 2.0 K 
24 | batchnorm_residue1   | BatchNorm1d | 2.0 K 
25 | batchnorm_atom2      | BatchNorm1d | 1.0 K 
26 | batchnorm_residue2   | BatchNorm1d | 1.0 K 
27 | batchnorm_atom3      | BatchNorm1d | 512   
28 | batchnorm_residue3   | BatchNorm1d | 512   
29 | batchnorm_atom4      | BatchNorm1d | 256   
30 | batchnorm_residue4   | BatchNorm1d | 256   
31 | sigmoid1             | Sigmoid     | 0     
32 | dense                | Linear      | 129   
33 | max_pool1            | MaxPool1d   | 0     
------------------------------------------------------
5.6 M     Trainable params
0         Non-trainable params
5.6 M     Total params
22.353    Total estimated model params size (MB)
SLURM auto-requeueing enabled. Setting signal handlers.
`Trainer.fit` stopped: `max_epochs=50` reached.
